\BOOKMARK [0][-]{chapter.1}{\376\377\0001\000\040\000C\000l\000a\000s\000s\000\040\000I\000n\000d\000e\000x}{}% 1
\BOOKMARK [1][-]{section.1.1}{\376\377\0001\000.\0001\000\040\000C\000l\000a\000s\000s\000\040\000L\000i\000s\000t}{chapter.1}% 2
\BOOKMARK [0][-]{chapter.2}{\376\377\0002\000\040\000F\000i\000l\000e\000\040\000I\000n\000d\000e\000x}{}% 3
\BOOKMARK [1][-]{section.2.1}{\376\377\0002\000.\0001\000\040\000F\000i\000l\000e\000\040\000L\000i\000s\000t}{chapter.2}% 4
\BOOKMARK [0][-]{chapter.3}{\376\377\0003\000\040\000C\000l\000a\000s\000s\000\040\000D\000o\000c\000u\000m\000e\000n\000t\000a\000t\000i\000o\000n}{}% 5
\BOOKMARK [1][-]{section.3.1}{\376\377\0003\000.\0001\000\040\000e\000i\000\137\000a\000p\000p\000\137\000e\000v\000e\000n\000t\000\137\000t\000\040\000S\000t\000r\000u\000c\000t\000\040\000R\000e\000f\000e\000r\000e\000n\000c\000e}{chapter.3}% 6
\BOOKMARK [2][-]{subsection.3.1.1}{\376\377\0003\000.\0001\000.\0001\000\040\000D\000e\000t\000a\000i\000l\000e\000d\000\040\000D\000e\000s\000c\000r\000i\000p\000t\000i\000o\000n}{section.3.1}% 7
\BOOKMARK [1][-]{section.3.2}{\376\377\0003\000.\0002\000\040\000e\000i\000\137\000c\000o\000l\000o\000r\000\137\000t\000\040\000S\000t\000r\000u\000c\000t\000\040\000R\000e\000f\000e\000r\000e\000n\000c\000e}{chapter.3}% 8
\BOOKMARK [2][-]{subsection.3.2.1}{\376\377\0003\000.\0002\000.\0001\000\040\000D\000e\000t\000a\000i\000l\000e\000d\000\040\000D\000e\000s\000c\000r\000i\000p\000t\000i\000o\000n}{section.3.2}% 9
\BOOKMARK [2][-]{subsection.3.2.2}{\376\377\0003\000.\0002\000.\0002\000\040\000M\000e\000m\000b\000e\000r\000\040\000D\000a\000t\000a\000\040\000D\000o\000c\000u\000m\000e\000n\000t\000a\000t\000i\000o\000n}{section.3.2}% 10
\BOOKMARK [3][-]{subsubsection.3.2.2.1}{\376\377\0003\000.\0002\000.\0002\000.\0001\000\040\000a\000l\000p\000h\000a}{subsection.3.2.2}% 11
\BOOKMARK [1][-]{section.3.3}{\376\377\0003\000.\0003\000\040\000e\000i\000\137\000d\000i\000s\000p\000l\000a\000y\000\137\000e\000v\000e\000n\000t\000\137\000t\000\040\000S\000t\000r\000u\000c\000t\000\040\000R\000e\000f\000e\000r\000e\000n\000c\000e}{chapter.3}% 12
\BOOKMARK [2][-]{subsection.3.3.1}{\376\377\0003\000.\0003\000.\0001\000\040\000D\000e\000t\000a\000i\000l\000e\000d\000\040\000D\000e\000s\000c\000r\000i\000p\000t\000i\000o\000n}{section.3.3}% 13
\BOOKMARK [1][-]{section.3.4}{\376\377\0003\000.\0004\000\040\000e\000i\000\137\000e\000v\000e\000n\000t\000\137\000t\000\040\000S\000t\000r\000u\000c\000t\000\040\000R\000e\000f\000e\000r\000e\000n\000c\000e}{chapter.3}% 14
\BOOKMARK [2][-]{subsection.3.4.1}{\376\377\0003\000.\0004\000.\0001\000\040\000D\000e\000t\000a\000i\000l\000e\000d\000\040\000D\000e\000s\000c\000r\000i\000p\000t\000i\000o\000n}{section.3.4}% 15
\BOOKMARK [1][-]{section.3.5}{\376\377\0003\000.\0005\000\040\000e\000i\000\137\000k\000e\000y\000\137\000e\000v\000e\000n\000t\000\137\000t\000\040\000S\000t\000r\000u\000c\000t\000\040\000R\000e\000f\000e\000r\000e\000n\000c\000e}{chapter.3}% 16
\BOOKMARK [2][-]{subsection.3.5.1}{\376\377\0003\000.\0005\000.\0001\000\040\000D\000e\000t\000a\000i\000l\000e\000d\000\040\000D\000e\000s\000c\000r\000i\000p\000t\000i\000o\000n}{section.3.5}% 17
\BOOKMARK [1][-]{section.3.6}{\376\377\0003\000.\0006\000\040\000e\000i\000\137\000l\000i\000n\000k\000e\000d\000\137\000p\000o\000i\000n\000t\000\137\000t\000\040\000S\000t\000r\000u\000c\000t\000\040\000R\000e\000f\000e\000r\000e\000n\000c\000e}{chapter.3}% 18
\BOOKMARK [2][-]{subsection.3.6.1}{\376\377\0003\000.\0006\000.\0001\000\040\000D\000e\000t\000a\000i\000l\000e\000d\000\040\000D\000e\000s\000c\000r\000i\000p\000t\000i\000o\000n}{section.3.6}% 19
\BOOKMARK [1][-]{section.3.7}{\376\377\0003\000.\0007\000\040\000e\000i\000\137\000l\000i\000n\000k\000e\000d\000\137\000r\000e\000c\000t\000\137\000t\000\040\000S\000t\000r\000u\000c\000t\000\040\000R\000e\000f\000e\000r\000e\000n\000c\000e}{chapter.3}% 20
\BOOKMARK [2][-]{subsection.3.7.1}{\376\377\0003\000.\0007\000.\0001\000\040\000D\000e\000t\000a\000i\000l\000e\000d\000\040\000D\000e\000s\000c\000r\000i\000p\000t\000i\000o\000n}{section.3.7}% 21
\BOOKMARK [1][-]{section.3.8}{\376\377\0003\000.\0008\000\040\000e\000i\000\137\000l\000i\000n\000k\000e\000d\000\137\000t\000a\000g\000\137\000t\000\040\000S\000t\000r\000u\000c\000t\000\040\000R\000e\000f\000e\000r\000e\000n\000c\000e}{chapter.3}% 22
\BOOKMARK [2][-]{subsection.3.8.1}{\376\377\0003\000.\0008\000.\0001\000\040\000D\000e\000t\000a\000i\000l\000e\000d\000\040\000D\000e\000s\000c\000r\000i\000p\000t\000i\000o\000n}{section.3.8}% 23
\BOOKMARK [1][-]{section.3.9}{\376\377\0003\000.\0009\000\040\000e\000i\000\137\000m\000o\000u\000s\000e\000\137\000e\000v\000e\000n\000t\000\137\000t\000\040\000S\000t\000r\000u\000c\000t\000\040\000R\000e\000f\000e\000r\000e\000n\000c\000e}{chapter.3}% 24
\BOOKMARK [2][-]{subsection.3.9.1}{\376\377\0003\000.\0009\000.\0001\000\040\000D\000e\000t\000a\000i\000l\000e\000d\000\040\000D\000e\000s\000c\000r\000i\000p\000t\000i\000o\000n}{section.3.9}% 25
\BOOKMARK [2][-]{subsection.3.9.2}{\376\377\0003\000.\0009\000.\0002\000\040\000M\000e\000m\000b\000e\000r\000\040\000D\000a\000t\000a\000\040\000D\000o\000c\000u\000m\000e\000n\000t\000a\000t\000i\000o\000n}{section.3.9}% 26
\BOOKMARK [3][-]{subsubsection.3.9.2.1}{\376\377\0003\000.\0009\000.\0002\000.\0001\000\040\000b\000u\000t\000t\000o\000n\000n\000u\000m\000b\000e\000r}{subsection.3.9.2}% 27
\BOOKMARK [1][-]{section.3.10}{\376\377\0003\000.\0001\0000\000\040\000e\000i\000\137\000p\000o\000i\000n\000t\000\137\000t\000\040\000S\000t\000r\000u\000c\000t\000\040\000R\000e\000f\000e\000r\000e\000n\000c\000e}{chapter.3}% 28
\BOOKMARK [2][-]{subsection.3.10.1}{\376\377\0003\000.\0001\0000\000.\0001\000\040\000D\000e\000t\000a\000i\000l\000e\000d\000\040\000D\000e\000s\000c\000r\000i\000p\000t\000i\000o\000n}{section.3.10}% 29
\BOOKMARK [2][-]{subsection.3.10.2}{\376\377\0003\000.\0001\0000\000.\0002\000\040\000M\000e\000m\000b\000e\000r\000\040\000D\000a\000t\000a\000\040\000D\000o\000c\000u\000m\000e\000n\000t\000a\000t\000i\000o\000n}{section.3.10}% 30
\BOOKMARK [3][-]{subsubsection.3.10.2.1}{\376\377\0003\000.\0001\0000\000.\0002\000.\0001\000\040\000y}{subsection.3.10.2}% 31
\BOOKMARK [1][-]{section.3.11}{\376\377\0003\000.\0001\0001\000\040\000e\000i\000\137\000r\000e\000c\000t\000\137\000t\000\040\000S\000t\000r\000u\000c\000t\000\040\000R\000e\000f\000e\000r\000e\000n\000c\000e}{chapter.3}% 32
\BOOKMARK [2][-]{subsection.3.11.1}{\376\377\0003\000.\0001\0001\000.\0001\000\040\000D\000e\000t\000a\000i\000l\000e\000d\000\040\000D\000e\000s\000c\000r\000i\000p\000t\000i\000o\000n}{section.3.11}% 33
\BOOKMARK [1][-]{section.3.12}{\376\377\0003\000.\0001\0002\000\040\000e\000i\000\137\000s\000i\000z\000e\000\137\000t\000\040\000S\000t\000r\000u\000c\000t\000\040\000R\000e\000f\000e\000r\000e\000n\000c\000e}{chapter.3}% 34
\BOOKMARK [2][-]{subsection.3.12.1}{\376\377\0003\000.\0001\0002\000.\0001\000\040\000D\000e\000t\000a\000i\000l\000e\000d\000\040\000D\000e\000s\000c\000r\000i\000p\000t\000i\000o\000n}{section.3.12}% 35
\BOOKMARK [1][-]{section.3.13}{\376\377\0003\000.\0001\0003\000\040\000e\000i\000\137\000t\000o\000u\000c\000h\000\137\000e\000v\000e\000n\000t\000\137\000t\000\040\000S\000t\000r\000u\000c\000t\000\040\000R\000e\000f\000e\000r\000e\000n\000c\000e}{chapter.3}% 36
\BOOKMARK [2][-]{subsection.3.13.1}{\376\377\0003\000.\0001\0003\000.\0001\000\040\000D\000e\000t\000a\000i\000l\000e\000d\000\040\000D\000e\000s\000c\000r\000i\000p\000t\000i\000o\000n}{section.3.13}% 37
\BOOKMARK [2][-]{subsection.3.13.2}{\376\377\0003\000.\0001\0003\000.\0002\000\040\000M\000e\000m\000b\000e\000r\000\040\000D\000a\000t\000a\000\040\000D\000o\000c\000u\000m\000e\000n\000t\000a\000t\000i\000o\000n}{section.3.13}% 38
\BOOKMARK [3][-]{subsubsection.3.13.2.1}{\376\377\0003\000.\0001\0003\000.\0002\000.\0001\000\040\000p\000r\000i\000m\000a\000r\000y}{subsection.3.13.2}% 39
\BOOKMARK [3][-]{subsubsection.3.13.2.2}{\376\377\0003\000.\0001\0003\000.\0002\000.\0002\000\040\000t\000o\000u\000c\000h\000i\000d}{subsection.3.13.2}% 40
\BOOKMARK [0][-]{chapter.4}{\376\377\0004\000\040\000F\000i\000l\000e\000\040\000D\000o\000c\000u\000m\000e\000n\000t\000a\000t\000i\000o\000n}{}% 41
\BOOKMARK [1][-]{section.4.1}{\376\377\0004\000.\0001\000\040\000i\000n\000c\000l\000u\000d\000e\000/\000e\000i\000\137\000e\000v\000e\000n\000t\000.\000h\000\040\000F\000i\000l\000e\000\040\000R\000e\000f\000e\000r\000e\000n\000c\000e}{chapter.4}% 42
\BOOKMARK [2][-]{subsection.4.1.1}{\376\377\0004\000.\0001\000.\0001\000\040\000D\000e\000t\000a\000i\000l\000e\000d\000\040\000D\000e\000s\000c\000r\000i\000p\000t\000i\000o\000n}{section.4.1}% 43
\BOOKMARK [2][-]{subsection.4.1.2}{\376\377\0004\000.\0001\000.\0002\000\040\000E\000n\000u\000m\000e\000r\000a\000t\000i\000o\000n\000\040\000T\000y\000p\000e\000\040\000D\000o\000c\000u\000m\000e\000n\000t\000a\000t\000i\000o\000n}{section.4.1}% 44
\BOOKMARK [3][-]{subsubsection.4.1.2.1}{\376\377\0004\000.\0001\000.\0002\000.\0001\000\040\000e\000i\000e\000v\000e\000n\000t\000t\000y\000p\000e\000t}{subsection.4.1.2}% 45
\BOOKMARK [3][-]{subsubsection.4.1.2.2}{\376\377\0004\000.\0001\000.\0002\000.\0002\000\040\000e\000i\000m\000o\000d\000i\000f\000i\000e\000r\000k\000e\000y\000t}{subsection.4.1.2}% 46
\BOOKMARK [1][-]{section.4.2}{\376\377\0004\000.\0002\000\040\000i\000n\000c\000l\000u\000d\000e\000/\000e\000i\000\137\000m\000a\000i\000n\000.\000h\000\040\000F\000i\000l\000e\000\040\000R\000e\000f\000e\000r\000e\000n\000c\000e}{chapter.4}% 47
\BOOKMARK [2][-]{subsection.4.2.1}{\376\377\0004\000.\0002\000.\0001\000\040\000D\000e\000t\000a\000i\000l\000e\000d\000\040\000D\000e\000s\000c\000r\000i\000p\000t\000i\000o\000n}{section.4.2}% 48
\BOOKMARK [2][-]{subsection.4.2.2}{\376\377\0004\000.\0002\000.\0002\000\040\000F\000u\000n\000c\000t\000i\000o\000n\000\040\000D\000o\000c\000u\000m\000e\000n\000t\000a\000t\000i\000o\000n}{section.4.2}% 49
\BOOKMARK [3][-]{subsubsection.4.2.2.1}{\376\377\0004\000.\0002\000.\0002\000.\0001\000\040\000e\000i\000m\000a\000i\000n\000\050\000i\000n\000t\000\040\000a\000r\000g\000c\000,\000\040\000c\000h\000a\000r\000\040\000*\000a\000r\000g\000v\000[\000]\000\051}{subsection.4.2.2}% 50
\BOOKMARK [1][-]{section.4.3}{\376\377\0004\000.\0003\000\040\000i\000n\000c\000l\000u\000d\000e\000/\000e\000i\000\137\000t\000y\000p\000e\000s\000.\000h\000\040\000F\000i\000l\000e\000\040\000R\000e\000f\000e\000r\000e\000n\000c\000e}{chapter.4}% 51
\BOOKMARK [2][-]{subsection.4.3.1}{\376\377\0004\000.\0003\000.\0001\000\040\000D\000e\000t\000a\000i\000l\000e\000d\000\040\000D\000e\000s\000c\000r\000i\000p\000t\000i\000o\000n}{section.4.3}% 52
\BOOKMARK [2][-]{subsection.4.3.2}{\376\377\0004\000.\0003\000.\0002\000\040\000T\000y\000p\000e\000d\000e\000f\000\040\000D\000o\000c\000u\000m\000e\000n\000t\000a\000t\000i\000o\000n}{section.4.3}% 53
\BOOKMARK [3][-]{subsubsection.4.3.2.1}{\376\377\0004\000.\0003\000.\0002\000.\0001\000\040\000e\000i\000f\000o\000n\000t\000t}{subsection.4.3.2}% 54
\BOOKMARK [2][-]{subsection.4.3.3}{\376\377\0004\000.\0003\000.\0003\000\040\000E\000n\000u\000m\000e\000r\000a\000t\000i\000o\000n\000\040\000T\000y\000p\000e\000\040\000D\000o\000c\000u\000m\000e\000n\000t\000a\000t\000i\000o\000n}{section.4.3}% 55
\BOOKMARK [3][-]{subsubsection.4.3.3.1}{\376\377\0004\000.\0003\000.\0003\000.\0001\000\040\000e\000i\000a\000n\000c\000h\000o\000r\000t}{subsection.4.3.3}% 56
\BOOKMARK [3][-]{subsubsection.4.3.3.2}{\376\377\0004\000.\0003\000.\0003\000.\0002\000\040\000e\000i\000a\000x\000i\000s\000s\000e\000t\000t}{subsection.4.3.3}% 57
\BOOKMARK [3][-]{subsubsection.4.3.3.3}{\376\377\0004\000.\0003\000.\0003\000.\0003\000\040\000e\000i\000r\000e\000l\000i\000e\000f\000t}{subsection.4.3.3}% 58
\BOOKMARK [1][-]{section.4.4}{\376\377\0004\000.\0004\000\040\000i\000n\000c\000l\000u\000d\000e\000/\000h\000w\000\137\000i\000n\000t\000e\000r\000f\000a\000c\000e\000.\000h\000\040\000F\000i\000l\000e\000\040\000R\000e\000f\000e\000r\000e\000n\000c\000e}{chapter.4}% 59
\BOOKMARK [2][-]{subsection.4.4.1}{\376\377\0004\000.\0004\000.\0001\000\040\000D\000e\000t\000a\000i\000l\000e\000d\000\040\000D\000e\000s\000c\000r\000i\000p\000t\000i\000o\000n}{section.4.4}% 60
\BOOKMARK [2][-]{subsection.4.4.2}{\376\377\0004\000.\0004\000.\0002\000\040\000F\000u\000n\000c\000t\000i\000o\000n\000\040\000D\000o\000c\000u\000m\000e\000n\000t\000a\000t\000i\000o\000n}{section.4.4}% 61
\BOOKMARK [3][-]{subsubsection.4.4.2.1}{\376\377\0004\000.\0004\000.\0002\000.\0001\000\040\000h\000w\000c\000r\000e\000a\000t\000e\000w\000i\000n\000d\000o\000w\000\050\000e\000i\000s\000i\000z\000e\000t\000\040\000*\000s\000i\000z\000e\000,\000\040\000c\000o\000n\000s\000t\000\040\000e\000i\000b\000o\000o\000l\000t\000\040\000f\000u\000l\000l\000S\000c\000r\000e\000e\000n\000\051}{subsection.4.4.2}% 62
\BOOKMARK [3][-]{subsubsection.4.4.2.2}{\376\377\0004\000.\0004\000.\0002\000.\0002\000\040\000h\000w\000e\000v\000e\000n\000t\000p\000o\000s\000t\000a\000p\000p\000\050\000v\000o\000i\000d\000\040\000*\000u\000s\000e\000r\000p\000a\000r\000a\000m\000\051}{subsection.4.4.2}% 63
\BOOKMARK [3][-]{subsubsection.4.4.2.3}{\376\377\0004\000.\0004\000.\0002\000.\0003\000\040\000h\000w\000e\000v\000e\000n\000t\000w\000a\000i\000t\000n\000e\000x\000t\000\050\000s\000t\000r\000u\000c\000t\000\040\000e\000i\000e\000v\000e\000n\000t\000t\000\040\000*\000e\000v\000e\000n\000t\000\051}{subsection.4.4.2}% 64
\BOOKMARK [3][-]{subsubsection.4.4.2.4}{\376\377\0004\000.\0004\000.\0002\000.\0004\000\040\000h\000w\000g\000e\000t\000p\000i\000x\000e\000l\000\050\000c\000o\000n\000s\000t\000\040\000e\000i\000s\000u\000r\000f\000a\000c\000e\000t\000\040\000s\000u\000r\000f\000a\000c\000e\000,\000\040\000c\000o\000n\000s\000t\000\040\000e\000i\000p\000o\000i\000n\000t\000t\000\040\000p\000o\000s\000\051}{subsection.4.4.2}% 65
\BOOKMARK [3][-]{subsubsection.4.4.2.5}{\376\377\0004\000.\0004\000.\0002\000.\0005\000\040\000h\000w\000i\000m\000a\000g\000e\000l\000o\000a\000d\000\050\000c\000o\000n\000s\000t\000\040\000c\000h\000a\000r\000\040\000*\000f\000i\000l\000e\000n\000a\000m\000e\000\051}{subsection.4.4.2}% 66
\BOOKMARK [3][-]{subsubsection.4.4.2.6}{\376\377\0004\000.\0004\000.\0002\000.\0006\000\040\000h\000w\000n\000o\000w\000\050\000\051}{subsection.4.4.2}% 67
\BOOKMARK [3][-]{subsubsection.4.4.2.7}{\376\377\0004\000.\0004\000.\0002\000.\0007\000\040\000h\000w\000p\000u\000t\000p\000i\000x\000e\000l\000\050\000c\000o\000n\000s\000t\000\040\000e\000i\000s\000u\000r\000f\000a\000c\000e\000t\000\040\000s\000u\000r\000f\000a\000c\000e\000,\000\040\000c\000o\000n\000s\000t\000\040\000e\000i\000p\000o\000i\000n\000t\000t\000\040\000p\000o\000s\000,\000\040\000c\000o\000n\000s\000t\000\040\000e\000i\000c\000o\000l\000o\000r\000t\000\040\000c\000o\000l\000o\000r\000\051}{subsection.4.4.2}% 68
\BOOKMARK [3][-]{subsubsection.4.4.2.8}{\376\377\0004\000.\0004\000.\0002\000.\0008\000\040\000h\000w\000s\000u\000r\000f\000a\000c\000e\000c\000r\000e\000a\000t\000e\000\050\000c\000o\000n\000s\000t\000\040\000e\000i\000s\000u\000r\000f\000a\000c\000e\000t\000\040\000r\000o\000o\000t\000,\000\040\000c\000o\000n\000s\000t\000\040\000e\000i\000s\000i\000z\000e\000t\000\040\000*\000s\000i\000z\000e\000\051}{subsection.4.4.2}% 69
\BOOKMARK [3][-]{subsubsection.4.4.2.9}{\376\377\0004\000.\0004\000.\0002\000.\0009\000\040\000h\000w\000s\000u\000r\000f\000a\000c\000e\000f\000r\000e\000e\000\050\000e\000i\000s\000u\000r\000f\000a\000c\000e\000t\000\040\000s\000u\000r\000f\000a\000c\000e\000\051}{subsection.4.4.2}% 70
\BOOKMARK [3][-]{subsubsection.4.4.2.10}{\376\377\0004\000.\0004\000.\0002\000.\0001\0000\000\040\000h\000w\000s\000u\000r\000f\000a\000c\000e\000g\000e\000t\000r\000e\000c\000t\000\050\000c\000o\000n\000s\000t\000\040\000e\000i\000s\000u\000r\000f\000a\000c\000e\000t\000\040\000s\000u\000r\000f\000a\000c\000e\000\051}{subsection.4.4.2}% 71
\BOOKMARK [3][-]{subsubsection.4.4.2.11}{\376\377\0004\000.\0004\000.\0002\000.\0001\0001\000\040\000h\000w\000s\000u\000r\000f\000a\000c\000e\000g\000e\000t\000s\000i\000z\000e\000\050\000c\000o\000n\000s\000t\000\040\000e\000i\000s\000u\000r\000f\000a\000c\000e\000t\000\040\000s\000u\000r\000f\000a\000c\000e\000\051}{subsection.4.4.2}% 72
\BOOKMARK [3][-]{subsubsection.4.4.2.12}{\376\377\0004\000.\0004\000.\0002\000.\0001\0002\000\040\000h\000w\000s\000u\000r\000f\000a\000c\000e\000l\000o\000c\000k\000\050\000e\000i\000s\000u\000r\000f\000a\000c\000e\000t\000\040\000s\000u\000r\000f\000a\000c\000e\000\051}{subsection.4.4.2}% 73
\BOOKMARK [3][-]{subsubsection.4.4.2.13}{\376\377\0004\000.\0004\000.\0002\000.\0001\0003\000\040\000h\000w\000s\000u\000r\000f\000a\000c\000e\000u\000n\000l\000o\000c\000k\000\050\000e\000i\000s\000u\000r\000f\000a\000c\000e\000t\000\040\000s\000u\000r\000f\000a\000c\000e\000\051}{subsection.4.4.2}% 74
\BOOKMARK [3][-]{subsubsection.4.4.2.14}{\376\377\0004\000.\0004\000.\0002\000.\0001\0004\000\040\000h\000w\000s\000u\000r\000f\000a\000c\000e\000u\000p\000d\000a\000t\000e\000r\000e\000c\000t\000s\000\050\000c\000o\000n\000s\000t\000\040\000e\000i\000l\000i\000n\000k\000e\000d\000r\000e\000c\000t\000t\000\040\000*\000r\000e\000c\000t\000s\000\051}{subsection.4.4.2}% 75
\BOOKMARK [3][-]{subsubsection.4.4.2.15}{\376\377\0004\000.\0004\000.\0002\000.\0001\0005\000\040\000h\000w\000t\000e\000x\000t\000c\000o\000m\000p\000u\000t\000e\000s\000i\000z\000e\000\050\000c\000o\000n\000s\000t\000\040\000c\000h\000a\000r\000\040\000*\000t\000e\000x\000t\000,\000\040\000c\000o\000n\000s\000t\000\040\000e\000i\000f\000o\000n\000t\000t\000\040\000f\000o\000n\000t\000,\000\040\000i\000n\000t\000\040\000*\000w\000i\000d\000t\000h\000,\000\040\000i\000n\000t\000\040\000*\000h\000e\000i\000g\000h\000t\000\051}{subsection.4.4.2}% 76
\BOOKMARK [3][-]{subsubsection.4.4.2.16}{\376\377\0004\000.\0004\000.\0002\000.\0001\0006\000\040\000h\000w\000t\000e\000x\000t\000c\000r\000e\000a\000t\000e\000s\000u\000r\000f\000a\000c\000e\000\050\000c\000o\000n\000s\000t\000\040\000c\000h\000a\000r\000\040\000*\000t\000e\000x\000t\000,\000\040\000c\000o\000n\000s\000t\000\040\000e\000i\000f\000o\000n\000t\000t\000\040\000f\000o\000n\000t\000,\000\040\000c\000o\000n\000s\000t\000\040\000e\000i\000c\000o\000l\000o\000r\000t\000\040\000*\000c\000o\000l\000o\000r\000\051}{subsection.4.4.2}% 77
\BOOKMARK [3][-]{subsubsection.4.4.2.17}{\376\377\0004\000.\0004\000.\0002\000.\0001\0007\000\040\000h\000w\000t\000e\000x\000t\000f\000o\000n\000t\000c\000r\000e\000a\000t\000e\000\050\000c\000o\000n\000s\000t\000\040\000c\000h\000a\000r\000\040\000*\000f\000i\000l\000e\000n\000a\000m\000e\000,\000\040\000i\000n\000t\000\040\000s\000i\000z\000e\000\051}{subsection.4.4.2}% 78
\BOOKMARK [3][-]{subsubsection.4.4.2.18}{\376\377\0004\000.\0004\000.\0002\000.\0001\0008\000\040\000h\000w\000t\000e\000x\000t\000f\000o\000n\000t\000f\000r\000e\000e\000\050\000e\000i\000f\000o\000n\000t\000t\000\040\000f\000o\000n\000t\000\051}{subsection.4.4.2}% 79
\BOOKMARK [3][-]{subsubsection.4.4.2.19}{\376\377\0004\000.\0004\000.\0002\000.\0001\0009\000\040\000h\000w\000w\000a\000i\000t\000\050\000i\000n\000t\000\040\000s\000d\000e\000l\000a\000y\000\051}{subsection.4.4.2}% 80
\BOOKMARK [0][-]{section*.37}{\376\377\000I\000n\000d\000e\000x}{}% 81
